<?xml version="1.0" encoding="UTF-8"?>
<!-- Generated by org.testng.reporters.JUnitXMLReporter -->
<testsuite hostname="LAPTOP-27OOUF78" ignored="1" name="Test" tests="2" failures="0" timestamp="2022-05-24T13:07:10 EDT" time="11.939" errors="0">
  <testcase name="openAutopractice" time="10.315" classname="batch23.BuildTesting"/>
  <testcase name="scrchproduct" time="0.001" classname="batch23.BuildTesting"/>
  <testcase name="selectItem" time="0.0" classname="batch23.BuildTesting">
    <ignored/>
  </testcase> <!-- selectItem -->
</testsuite> <!-- Test -->
