<?xml version="1.0" encoding="UTF-8"?>
<testng-results skipped="0" failed="0" ignored="1" total="3" passed="2">
  <reporter-output>
  </reporter-output>
  <suite name="Suite" duration-ms="11939" started-at="2022-05-24T13:06:58 EDT" finished-at="2022-05-24T13:07:10 EDT">
    <groups>
    </groups>
    <test name="Test" duration-ms="11939" started-at="2022-05-24T13:06:58 EDT" finished-at="2022-05-24T13:07:10 EDT">
      <class name="batch23.BuildTesting">
        <test-method status="PASS" signature="setup()[pri:0, instance:batch23.BuildTesting@7f1302d6]" name="setup" is-config="true" duration-ms="1537" started-at="2022-05-24T13:06:58 EDT" finished-at="2022-05-24T13:07:00 EDT">
          <reporter-output>
          </reporter-output>
        </test-method> <!-- setup -->
        <test-method status="PASS" signature="openAutopractice()[pri:0, instance:batch23.BuildTesting@7f1302d6]" name="openAutopractice" duration-ms="10315" started-at="2022-05-24T13:07:00 EDT" finished-at="2022-05-24T13:07:10 EDT">
          <reporter-output>
          </reporter-output>
        </test-method> <!-- openAutopractice -->
        <test-method status="PASS" signature="scrchproduct()[pri:1, instance:batch23.BuildTesting@7f1302d6]" name="scrchproduct" duration-ms="1" started-at="2022-05-24T13:07:10 EDT" finished-at="2022-05-24T13:07:10 EDT">
          <reporter-output>
          </reporter-output>
        </test-method> <!-- scrchproduct -->
        <test-method status="PASS" signature="closeBrowser()[pri:0, instance:batch23.BuildTesting@7f1302d6]" name="closeBrowser" is-config="true" duration-ms="64" started-at="2022-05-24T13:07:10 EDT" finished-at="2022-05-24T13:07:10 EDT">
          <reporter-output>
          </reporter-output>
        </test-method> <!-- closeBrowser -->
      </class> <!-- batch23.BuildTesting -->
    </test> <!-- Test -->
  </suite> <!-- Suite -->
</testng-results>
